<?xml version="1.0" encoding="UTF-8"?>
<testng-results ignored="0" total="2" passed="2" failed="0" skipped="0">
  <reporter-output>
  </reporter-output>
  <suite started-at="2021-10-13T22:17:52 EDT" name="Suite" finished-at="2021-10-13T22:18:03 EDT" duration-ms="11121">
    <groups>
    </groups>
    <test started-at="2021-10-13T22:17:52 EDT" name="LogInAndOutTestNG" finished-at="2021-10-13T22:18:03 EDT" duration-ms="11121">
      <class name="ampeg.LoginAndLogoutTest">
        <test-method signature="canLoginAndLogout()[pri:0, instance:ampeg.LoginAndLogoutTest@3b938003]" started-at="2021-10-13T22:17:52 EDT" name="canLoginAndLogout" finished-at="2021-10-13T22:17:59 EDT" duration-ms="7167" status="PASS">
          <reporter-output>
          </reporter-output>
        </test-method> <!-- canLoginAndLogout -->
        <test-method signature="cannotLoginWithoutPassword()[pri:0, instance:ampeg.LoginAndLogoutTest@3b938003]" started-at="2021-10-13T22:17:59 EDT" name="cannotLoginWithoutPassword" finished-at="2021-10-13T22:18:03 EDT" duration-ms="3912" status="PASS">
          <reporter-output>
          </reporter-output>
        </test-method> <!-- cannotLoginWithoutPassword -->
      </class> <!-- ampeg.LoginAndLogoutTest -->
    </test> <!-- LogInAndOutTestNG -->
  </suite> <!-- Suite -->
</testng-results>
