<?xml version="1.0" encoding="UTF-8"?>
<!-- Generated by org.testng.reporters.JUnitXMLReporter -->
<testsuite ignored="1" hostname="Vadims-MBP.lan" failures="0" tests="1" name="Default test" time="6.556" errors="0" timestamp="2021-10-13T21:47:08 EDT">
  <testcase classname="ampeg.LoginAndLogoutTest" name="canLoginAndLogout" time="6.513"/>
  <testcase classname="ampeg.LoginAndLogoutTest" name="cannotLoginWithoutPassword" time="0.0">
    <ignored/>
  </testcase> <!-- cannotLoginWithoutPassword -->
</testsuite> <!-- Default test -->
