<?xml version="1.0" encoding="UTF-8"?>
<!-- Generated by org.testng.reporters.JUnitXMLReporter -->
<testsuite ignored="1" hostname="Vadims-MBP.lan" failures="0" tests="1" name="Default test" time="5.897" errors="0" timestamp="2021-10-13T16:41:54 EDT">
  <testcase classname="ampeg.LoginAndLogOutTest" name="cannotLoginWithoutPassword" time="5.867"/>
  <testcase classname="ampeg.LoginAndLogOutTest" name="canLoginAndLogout" time="0.0">
    <ignored/>
  </testcase> <!-- canLoginAndLogout -->
</testsuite> <!-- Default test -->
